=== Download started Fri Apr 17 04:04:21 PM CEST 2026 ===
[START 01] 01_Chernobrov_MashinaVremeni_2h37
[START 02] 02_Chernobrov_MashinaVremeni_LAI_1h46
[START 04] 04_Chernobrov_MashinaVremeni_1h46_alt
[START 03] 03_Chernobrov_MashinaVremeni_41min
WARNING: [youtube] No supported JavaScript runtime could be found. Only deno is enabled by default; to use another runtime add  --js-runtimes RUNTIME[:PATH]  to your command/config. YouTube extraction without a JS runtime has been deprecated, and some formats may be missing. See  https://github.com/yt-dlp/yt-dlp/wiki/EJS  for details on installing one
WARNING: [youtube] No supported JavaScript runtime could be found. Only deno is enabled by default; to use another runtime add  --js-runtimes RUNTIME[:PATH]  to your command/config. YouTube extraction without a JS runtime has been deprecated, and some formats may be missing. See  https://github.com/yt-dlp/yt-dlp/wiki/EJS  for details on installing one
WARNING: [youtube] No supported JavaScript runtime could be found. Only deno is enabled by default; to use another runtime add  --js-runtimes RUNTIME[:PATH]  to your command/config. YouTube extraction without a JS runtime has been deprecated, and some formats may be missing. See  https://github.com/yt-dlp/yt-dlp/wiki/EJS  for details on installing one
WARNING: [youtube] No supported JavaScript runtime could be found. Only deno is enabled by default; to use another runtime add  --js-runtimes RUNTIME[:PATH]  to your command/config. YouTube extraction without a JS runtime has been deprecated, and some formats may be missing. See  https://github.com/yt-dlp/yt-dlp/wiki/EJS  for details on installing one
[DONE 03] 03_Chernobrov_MashinaVremeni_41min (26M)
[DONE 04] 04_Chernobrov_MashinaVremeni_1h46_alt (49M)
[DONE 02] 02_Chernobrov_MashinaVremeni_LAI_1h46 (49M)
[DONE 01] 01_Chernobrov_MashinaVremeni_2h37 (140M)
=== Batch 1 done ===
[START 05] 05_Gaiduchok_traveler_58min
[START 06] 06_SlediPutesh_2h55
[START 07] 07_MashinaVremeni_Hronoput_3h04
[START 08] 08_3zvezdnie_NLO_22min
WARNING: [youtube] No supported JavaScript runtime could be found. Only deno is enabled by default; to use another runtime add  --js-runtimes RUNTIME[:PATH]  to your command/config. YouTube extraction without a JS runtime has been deprecated, and some formats may be missing. See  https://github.com/yt-dlp/yt-dlp/wiki/EJS  for details on installing one
WARNING: [youtube] No supported JavaScript runtime could be found. Only deno is enabled by default; to use another runtime add  --js-runtimes RUNTIME[:PATH]  to your command/config. YouTube extraction without a JS runtime has been deprecated, and some formats may be missing. See  https://github.com/yt-dlp/yt-dlp/wiki/EJS  for details on installing one
WARNING: [youtube] No supported JavaScript runtime could be found. Only deno is enabled by default; to use another runtime add  --js-runtimes RUNTIME[:PATH]  to your command/config. YouTube extraction without a JS runtime has been deprecated, and some formats may be missing. See  https://github.com/yt-dlp/yt-dlp/wiki/EJS  for details on installing one
WARNING: [youtube] No supported JavaScript runtime could be found. Only deno is enabled by default; to use another runtime add  --js-runtimes RUNTIME[:PATH]  to your command/config. YouTube extraction without a JS runtime has been deprecated, and some formats may be missing. See  https://github.com/yt-dlp/yt-dlp/wiki/EJS  for details on installing one
[DONE 08] 08_3zvezdnie_NLO_22min (20M)
[DONE 05] 05_Gaiduchok_traveler_58min (59M)
[DONE 06] 06_SlediPutesh_2h55 (145M)
[DONE 07] 07_MashinaVremeni_Hronoput_3h04 (155M)
=== Batch 2 done ===
[START 09] 09_ParallelnyeMiry_39min
[START 10] 10_KakUstroenoVremya_2011_11min
[START 11] 11_MashinaVremeni_GhostHunters_1h45
[START 12] 12_MashinaVremeni_Chernobrov_46min
WARNING: [youtube] No supported JavaScript runtime could be found. Only deno is enabled by default; to use another runtime add  --js-runtimes RUNTIME[:PATH]  to your command/config. YouTube extraction without a JS runtime has been deprecated, and some formats may be missing. See  https://github.com/yt-dlp/yt-dlp/wiki/EJS  for details on installing one
WARNING: [youtube] No supported JavaScript runtime could be found. Only deno is enabled by default; to use another runtime add  --js-runtimes RUNTIME[:PATH]  to your command/config. YouTube extraction without a JS runtime has been deprecated, and some formats may be missing. See  https://github.com/yt-dlp/yt-dlp/wiki/EJS  for details on installing one
WARNING: [youtube] No supported JavaScript runtime could be found. Only deno is enabled by default; to use another runtime add  --js-runtimes RUNTIME[:PATH]  to your command/config. YouTube extraction without a JS runtime has been deprecated, and some formats may be missing. See  https://github.com/yt-dlp/yt-dlp/wiki/EJS  for details on installing one
WARNING: [youtube] No supported JavaScript runtime could be found. Only deno is enabled by default; to use another runtime add  --js-runtimes RUNTIME[:PATH]  to your command/config. YouTube extraction without a JS runtime has been deprecated, and some formats may be missing. See  https://github.com/yt-dlp/yt-dlp/wiki/EJS  for details on installing one
[DONE 10] 10_KakUstroenoVremya_2011_11min (10M)
[DONE 09] 09_ParallelnyeMiry_39min (28M)
[DONE 12] 12_MashinaVremeni_Chernobrov_46min (40M)
[DONE 11] 11_MashinaVremeni_GhostHunters_1h45 (90M)
=== Batch 3 done ===
[START 14] 14_ZagadkiVremeni_25min
[START 15] 15_MedveditskayaGryada_docfilm_2017_32min
[START 16] 16_KrugiNaPolyakh_2013_2h57
[START 13] 13_Hronoput_Murom_2h37
WARNING: [youtube] No supported JavaScript runtime could be found. Only deno is enabled by default; to use another runtime add  --js-runtimes RUNTIME[:PATH]  to your command/config. YouTube extraction without a JS runtime has been deprecated, and some formats may be missing. See  https://github.com/yt-dlp/yt-dlp/wiki/EJS  for details on installing one
WARNING: [youtube] No supported JavaScript runtime could be found. Only deno is enabled by default; to use another runtime add  --js-runtimes RUNTIME[:PATH]  to your command/config. YouTube extraction without a JS runtime has been deprecated, and some formats may be missing. See  https://github.com/yt-dlp/yt-dlp/wiki/EJS  for details on installing one
WARNING: [youtube] No supported JavaScript runtime could be found. Only deno is enabled by default; to use another runtime add  --js-runtimes RUNTIME[:PATH]  to your command/config. YouTube extraction without a JS runtime has been deprecated, and some formats may be missing. See  https://github.com/yt-dlp/yt-dlp/wiki/EJS  for details on installing one
WARNING: [youtube] No supported JavaScript runtime could be found. Only deno is enabled by default; to use another runtime add  --js-runtimes RUNTIME[:PATH]  to your command/config. YouTube extraction without a JS runtime has been deprecated, and some formats may be missing. See  https://github.com/yt-dlp/yt-dlp/wiki/EJS  for details on installing one
[DONE 14] 14_ZagadkiVremeni_25min (11M)
[DONE 15] 15_MedveditskayaGryada_docfilm_2017_32min (25M)
[DONE 13] 13_Hronoput_Murom_2h37 (138M)
[DONE 16] 16_KrugiNaPolyakh_2013_2h57 (155M)
=== Batch 4 done ===
[START 17] 17_NLO_dolya_pravdy_2h24
[START 19] 19_GravitatsionnyeAnomalii_12min
[START 18] 18_Kosmopoisk_MashinaVremeni_N24_58min
WARNING: [youtube] No supported JavaScript runtime could be found. Only deno is enabled by default; to use another runtime add  --js-runtimes RUNTIME[:PATH]  to your command/config. YouTube extraction without a JS runtime has been deprecated, and some formats may be missing. See  https://github.com/yt-dlp/yt-dlp/wiki/EJS  for details on installing one
WARNING: [youtube] No supported JavaScript runtime could be found. Only deno is enabled by default; to use another runtime add  --js-runtimes RUNTIME[:PATH]  to your command/config. YouTube extraction without a JS runtime has been deprecated, and some formats may be missing. See  https://github.com/yt-dlp/yt-dlp/wiki/EJS  for details on installing one
WARNING: [youtube] No supported JavaScript runtime could be found. Only deno is enabled by default; to use another runtime add  --js-runtimes RUNTIME[:PATH]  to your command/config. YouTube extraction without a JS runtime has been deprecated, and some formats may be missing. See  https://github.com/yt-dlp/yt-dlp/wiki/EJS  for details on installing one
[DONE 19] 19_GravitatsionnyeAnomalii_12min (11M)
[DONE 18] 18_Kosmopoisk_MashinaVremeni_N24_58min (41M)
[DONE 17] 17_NLO_dolya_pravdy_2h24 (120M)
=== Batch 5 done ===
=== ALL DOWNLOADS COMPLETE Fri Apr 17 04:19:31 PM CEST 2026 ===
